Added Component: Designator=J3(CON_4_2_CASE)
Add component. Clean all parameters for all variants
Add component (AddParameter): Name = "Link"; Value = "https://www.digikey.co.uk/product-detail/en/molex/0901301208/WM8248-ND/760960"; VariantName = "[No Variations]"
Add component (AddParameter): Name = "Manufacturer"; Value = "Molex"; VariantName = "[No Variations]"
Add component (AddParameter): Name = "Manufacturer Part Number"; Value = "0901301208"; VariantName = "[No Variations]"
Add component (AddParameter): Name = "Price 1 Unit USD"; Value = "1.73"; VariantName = "[No Variations]"
Add component (AddParameter): Name = "Price 1000+ Units USD"; Value = "0.83"; VariantName = "[No Variations]"
Add component (AddParameter): Name = "Supplier"; Value = "Digikey"; VariantName = "[No Variations]"
Add component (AddParameter): Name = "Supplier Part Number"; Value = "WM8248-ND"; VariantName = "[No Variations]"
Add component (AddParameter): Name = "zz Current Rating Per Pin"; Value = "3A"; VariantName = "[No Variations]"
Add component (AddParameter): Name = "zz Package"; Value = "2 Row 8POS 2.54MM"; VariantName = "[No Variations]"
Added Pin To Net: NetName=GND Pin=J3-1
Added Pin To Net: NetName=GND Pin=J3-2
Added Pin To Net: NetName=GND Pin=J3-3
Added Pin To Net: NetName=GND Pin=J3-4
Added Pin To Net: NetName=Sensor_1_input Pin=J3-5
Added Pin To Net: NetName=Sensor_2_input Pin=J3-6
Added Pin To Net: NetName=Sensor_3_input Pin=J3-7
Added Pin To Net: NetName=Sensor_4_input Pin=J3-8
Added Member To Class: ClassName=mask_v_0_0 Member=Component J3 CON_4_2 CASE
