Removed Pin From Net: NetName=GND Pin=C1-1
Removed Pin From Net: NetName=+3V3 Pin=C2-1
Removed Pin From Net: NetName=GND Pin=C2-2
Removed Pin From Net: NetName=GND Pin=C3-2
Removed Pin From Net: NetName=+3V3 Pin=C4-2
Removed Pin From Net: NetName=GND Pin=C7-1
Removed Pin From Net: NetName=+Vin Pin=C7-2
Removed Pin From Net: NetName=+3V3 Pin=R1-2
Removed Pin From Net: NetName=+3V3 Pin=R2-2
Removed Pin From Net: NetName=+3V3 Pin=R5-2
Removed Pin From Net: NetName=+3V3 Pin=R6-2
Removed Pin From Net: NetName=+3V3 Pin=R7-2
Removed Pin From Net: NetName=GND Pin=U1-4
Removed Pin From Net: NetName=+3V3 Pin=U1-9
Removed Pin From Net: NetName=+3V3 Pin=U1-10
Removed Pin From Net: NetName=GND Pin=U1-12
Removed Pin From Net: NetName=GND Pin=U3-4
Removed Pin From Net: NetName=GND Pin=U3-5
Removed Pin From Net: NetName=GND Pin=U3-6
Removed Pin From Net: NetName=GND Pin=U3-7
Removed Pin From Net: NetName=+3V3 Pin=U3-8
Removed Pin From Net: NetName=GND Pin=U4-1
Removed Pin From Net: NetName=+Vin Pin=U6-1
Removed Pin From Net: NetName=GND Pin=U6-2
Removed Pin From Net: NetName=+Vin Pin=U6-3
Removed Member From Class: ClassName=overview_v_1_0 Member=U1
Removed Member From Class: ClassName=overview_v_1_0 Member=U3
Removed Member From Class: ClassName=overview_v_1_0 Member=U4
Removed Member From Class: ClassName=overview_v_1_0 Member=U6
Change Component Footprint: Designator=C1 Old Footprint=C0603 New Footprint=C0603_DNI
Change Component Footprint: Designator=C2 Old Footprint=C0603 New Footprint=C0603_DNI
Change Component Footprint: Designator=C3 Old Footprint=C0603 New Footprint=C0603_DNI
Change Component Footprint: Designator=C4 Old Footprint=C0603 New Footprint=C0603_DNI
Change Component Footprint: Designator=C7 Old Footprint=C0603 New Footprint=C0603_DNI
Change Component Footprint: Designator=C8 Old Footprint=C0603 New Footprint=C0603_DNI
Change Component Footprint: Designator=R1 Old Footprint=R0603 New Footprint=R0603_DNI
Change Component Footprint: Designator=R2 Old Footprint=R0603 New Footprint=R0603_DNI
Change Component Footprint: Designator=R3 Old Footprint=R0603 New Footprint=R0603_DNI
Change Component Footprint: Designator=R4 Old Footprint=R0603 New Footprint=R0603_DNI
Change Component Footprint: Designator=R5 Old Footprint=R0603 New Footprint=R0603_DNI
Change Component Footprint: Designator=R6 Old Footprint=R0603 New Footprint=R0603_DNI
Change Component Footprint: Designator=R7 Old Footprint=R0603 New Footprint=R0603_DNI
Change Component Comment : Designator=R1 Old Comment=Thick Film New Comment=RES DNI 0603
Change Component Comment : Designator=R2 Old Comment=Thick Film New Comment=RES DNI 0603
Change Component Comment : Designator=R3 Old Comment=Thick Film New Comment=RES DNI 0603
Change Component Comment : Designator=R4 Old Comment=Thick Film New Comment=RES DNI 0603
Change Component Comment : Designator=R5 Old Comment=Thick Film New Comment=RES DNI 0603
Change Component Comment : Designator=R6 Old Comment=Thick Film New Comment=RES DNI 0603
Change Component Comment : Designator=R7 Old Comment=Thick Film New Comment=RES DNI 0603
Change component parameters: Designator = "C1"; Footprint = "C0603_DNI"; UniqueID = "\PSNTDEDL"
Change component parameters. Clean all parameters for all variants
Change component parameters (AddParameter): Name = "Value"; Value = "DNI"; VariantName = "[No Variations]"
Change component parameters: Designator = "C2"; Footprint = "C0603_DNI"; UniqueID = "\GQTFDXXJ"
Change component parameters. Clean all parameters for all variants
Change component parameters (AddParameter): Name = "Value"; Value = "DNI"; VariantName = "[No Variations]"
Change component parameters: Designator = "C3"; Footprint = "C0603_DNI"; UniqueID = "\FLHVTKJO"
Change component parameters. Clean all parameters for all variants
Change component parameters (AddParameter): Name = "Value"; Value = "DNI"; VariantName = "[No Variations]"
Change component parameters: Designator = "C4"; Footprint = "C0603_DNI"; UniqueID = "\ZZEMGGTQ"
Change component parameters. Clean all parameters for all variants
Change component parameters (AddParameter): Name = "Value"; Value = "DNI"; VariantName = "[No Variations]"
Change component parameters: Designator = "C7"; Footprint = "C0603_DNI"; UniqueID = "\NEOMOCMU"
Change component parameters. Clean all parameters for all variants
Change component parameters (AddParameter): Name = "Value"; Value = "DNI"; VariantName = "[No Variations]"
Change component parameters: Designator = "C8"; Footprint = "C0603_DNI"; UniqueID = "\DHMQVBDO"
Change component parameters. Clean all parameters for all variants
Change component parameters (AddParameter): Name = "Value"; Value = "DNI"; VariantName = "[No Variations]"
Change component parameters: Designator = "R1"; Footprint = "R0603_DNI"; UniqueID = "\PBWMTBEU"
Change component parameters. Clean all parameters for all variants
Change component parameters (AddParameter): Name = "Value"; Value = "DNI"; VariantName = "[No Variations]"
Change component parameters: Designator = "R2"; Footprint = "R0603_DNI"; UniqueID = "\ZZTTDZWO"
Change component parameters. Clean all parameters for all variants
Change component parameters (AddParameter): Name = "Value"; Value = "DNI"; VariantName = "[No Variations]"
Change component parameters: Designator = "R3"; Footprint = "R0603_DNI"; UniqueID = "\KYQXXLWG"
Change component parameters. Clean all parameters for all variants
Change component parameters (AddParameter): Name = "Value"; Value = "DNI"; VariantName = "[No Variations]"
Change component parameters: Designator = "R4"; Footprint = "R0603_DNI"; UniqueID = "\GBLZOCAS"
Change component parameters. Clean all parameters for all variants
Change component parameters (AddParameter): Name = "Value"; Value = "DNI"; VariantName = "[No Variations]"
Change component parameters: Designator = "R5"; Footprint = "R0603_DNI"; UniqueID = "\MRFHRIGC"
Change component parameters. Clean all parameters for all variants
Change component parameters (AddParameter): Name = "Value"; Value = "DNI"; VariantName = "[No Variations]"
Change component parameters: Designator = "R6"; Footprint = "R0603_DNI"; UniqueID = "\SYASZPDM"
Change component parameters. Clean all parameters for all variants
Change component parameters (AddParameter): Name = "Value"; Value = "DNI"; VariantName = "[No Variations]"
Change component parameters: Designator = "R7"; Footprint = "R0603_DNI"; UniqueID = "\QOYPOSSO"
Change component parameters. Clean all parameters for all variants
Change component parameters (AddParameter): Name = "Value"; Value = "DNI"; VariantName = "[No Variations]"
Added Component: Designator=C10(C0603_DNI)
Add component. Clean all parameters for all variants
Add component (AddParameter): Name = "Value"; Value = "DNI"; VariantName = "[No Variations]"
Added Component: Designator=C11(C0603_DNI)
Add component. Clean all parameters for all variants
Add component (AddParameter): Name = "Value"; Value = "DNI"; VariantName = "[No Variations]"
Added Component: Designator=R12(R0603_DNI)
Add component. Clean all parameters for all variants
Add component (AddParameter): Name = "Value"; Value = "DNI"; VariantName = "[No Variations]"
Added Pin To Net: NetName=GND Pin=C2-1
Added Pin To Net: NetName=GND Pin=C11-1
Added Pin To Net: NetName=Sensor_1_ADC Pin=C2-2
Added Pin To Net: NetName=Sensor_1_ADC Pin=R2-2
Added Pin To Net: NetName=Sensor_1_ADC Pin=U2-5
Added Net: Name=Sensor_1_ADC
Added Pin To Net: NetName=Sensor_1_input Pin=C1-1
Added Pin To Net: NetName=Sensor_1_input Pin=R1-1
Added Net: Name=Sensor_1_input
Added Pin To Net: NetName=Sensor_1_net_1 Pin=C1-2
Added Pin To Net: NetName=Sensor_1_net_1 Pin=R2-1
Added Net: Name=Sensor_1_net_1
Added Pin To Net: NetName=Sensor_1_pwr Pin=R1-2
Added Net: Name=Sensor_1_pwr
Added Pin To Net: NetName=Sensor_2_ADC Pin=C4-2
Added Pin To Net: NetName=Sensor_2_ADC Pin=R4-2
Added Pin To Net: NetName=Sensor_2_ADC Pin=U2-6
Added Net: Name=Sensor_2_ADC
Added Pin To Net: NetName=Sensor_2_input Pin=C3-1
Added Pin To Net: NetName=Sensor_2_input Pin=R3-1
Added Net: Name=Sensor_2_input
Added Pin To Net: NetName=Sensor_2_net_1 Pin=C3-2
Added Pin To Net: NetName=Sensor_2_net_1 Pin=R4-1
Added Net: Name=Sensor_2_net_1
Added Pin To Net: NetName=Sensor_2_pwr Pin=R3-2
Added Net: Name=Sensor_2_pwr
Added Pin To Net: NetName=Sensor_3_ADC Pin=C8-2
Added Pin To Net: NetName=Sensor_3_ADC Pin=R6-2
Added Pin To Net: NetName=Sensor_3_ADC Pin=U2-A3
Added Net: Name=Sensor_3_ADC
Added Pin To Net: NetName=Sensor_3_input Pin=C7-1
Added Pin To Net: NetName=Sensor_3_input Pin=R5-1
Added Net: Name=Sensor_3_input
Added Pin To Net: NetName=Sensor_3_net_1 Pin=C7-2
Added Pin To Net: NetName=Sensor_3_net_1 Pin=R6-1
Added Net: Name=Sensor_3_net_1
Added Pin To Net: NetName=Sensor_3_pwr Pin=R5-2
Added Net: Name=Sensor_3_pwr
Added Pin To Net: NetName=Sensor_4_ADC Pin=C11-2
Added Pin To Net: NetName=Sensor_4_ADC Pin=R12-2
Added Pin To Net: NetName=Sensor_4_ADC Pin=U2-A4
Added Net: Name=Sensor_4_ADC
Added Pin To Net: NetName=Sensor_4_input Pin=C10-1
Added Pin To Net: NetName=Sensor_4_input Pin=R7-1
Added Net: Name=Sensor_4_input
Added Pin To Net: NetName=Sensor_4_net_1 Pin=C10-2
Added Pin To Net: NetName=Sensor_4_net_1 Pin=R12-1
Added Net: Name=Sensor_4_net_1
Added Pin To Net: NetName=Sensor_4_pwr Pin=R7-2
Added Net: Name=Sensor_4_pwr
Change Class Name : Old Net Name=overview_v_1_0 New Net Name=mask_v_0_0
Added Member To Class: ClassName=mask_v_0_0 Member=Component C10 Multilayer Ceramic Capacitor
Added Member To Class: ClassName=mask_v_0_0 Member=Component C11 Multilayer Ceramic Capacitor
Added Member To Class: ClassName=mask_v_0_0 Member=Component R12 RES DNI 0603
Added Room: Name=mask_v_0_0
